
Showing logs for build [32mcb-kubecd-bdd-ghfjxy-import-156-1[0m stage [32mmeta-pipeline[0m and container [32mstep-credential-initializer-rmcrk[0m
{"level":"warn","ts":1568238851.0903656,"logger":"fallback-logger","caller":"logging/config.go:69","msg":"Fetch GitHub commit ID from kodata failed: \"ref: refs/heads/master\" is not a valid GitHub commit ID"}
{"level":"info","ts":1568238851.0908926,"logger":"fallback-logger","caller":"creds-init/main.go:40","msg":"Credentials initialized."}

Showing logs for build [32mcb-kubecd-bdd-ghfjxy-import-156-1[0m stage [32mmeta-pipeline[0m and container [32mstep-working-dir-initializer-n9r5b[0m
{"level":"warn","ts":1568238852.16229,"logger":"fallback-logger","caller":"logging/config.go:69","msg":"Fetch GitHub commit ID from kodata failed: open /var/run/ko/HEAD: no such file or directory"}
{"level":"info","ts":1568238852.1634054,"logger":"fallback-logger","caller":"bash/main.go:65","msg":"Successfully executed command \"mkdir -p /workspace/source\""}

Showing logs for build [32mcb-kubecd-bdd-ghfjxy-import-156-1[0m stage [32mmeta-pipeline[0m and container [32mstep-place-tools[0m

Showing logs for build [32mcb-kubecd-bdd-ghfjxy-import-156-1[0m stage [32mmeta-pipeline[0m and container [32mstep-git-source-meta-cb-kubecd-bdd-ghfjxy-impor-hqx7v[0m
{"level":"warn","ts":1568238858.1903877,"logger":"fallback-logger","caller":"logging/config.go:69","msg":"Fetch GitHub commit ID from kodata failed: \"ref: refs/heads/master\" is not a valid GitHub commit ID"}
{"level":"info","ts":1568238859.2402277,"logger":"fallback-logger","caller":"git/git.go:102","msg":"Successfully cloned https://github.com/cb-kubecd/bdd-ghf**y-import-1568238831.git @ 0c16be1bbe0d42cb939ffa0fa6cca17b8401ff4c in path /workspace/source"}

Showing logs for build [32mcb-kubecd-bdd-ghfjxy-import-156-1[0m stage [32mmeta-pipeline[0m and container [32mstep-git-merge[0m
Using SHAs from PULL_REFS=master:0c16be1bbe0d42cb939ffa0fa6cca17b8401ff4c
WARNING: no SHAs to merge, falling back to initial cloned commit

Showing logs for build [32mcb-kubecd-bdd-ghfjxy-import-156-1[0m stage [32mmeta-pipeline[0m and container [32mstep-merge-pull-refs[0m
SKIP merge-pull-refs: Nothing to merge

Showing logs for build [32mcb-kubecd-bdd-ghfjxy-import-156-1[0m stage [32mmeta-pipeline[0m and container [32mstep-create-effective-pipeline[0m
Deleting and cloning the Jenkins X versions repo
Cloning the Jenkins X versions repo https://github.com/jenkins-x/jenkins-x-versions.git with ref refs/heads/master to /builder/home/.**/jenkins-x-versions
performing pack detection in folder /workspace/source
--> Draft detected YAML (67.859684%)
--> Could not find a pack for YAML. Trying to find the next likely language match...
--> Draft detected RPM Spec (14.835634%)
--> Could not find a pack for RPM Spec. Trying to find the next likely language match...
--> Draft detected Coq (6.745411%)
--> Could not find a pack for Coq. Trying to find the next likely language match...
--> Draft detected Smarty (3.671553%)
--> Could not find a pack for Smarty. Trying to find the next likely language match...
--> Draft detected Go (2.881742%)
selected pack: /builder/home/.**/draft/packs/github.com/jenkins-x-buildpacks/jenkins-x-kubernetes/packs/go
Effective pipeline written to jenkins-x-effective.yml

Showing logs for build [32mcb-kubecd-bdd-ghfjxy-import-156-1[0m stage [32mmeta-pipeline[0m and container [32mstep-create-tekton-crds[0m
running command: echo \$(**-release-version) > VERSION

running command: ** step tag --version \$(cat VERSION)
Updating chart version in charts/bdd-ghf**y-import-1568238831/Chart.yaml to 0.0.1
Updating repository in charts/bdd-ghf**y-import-1568238831/values.yaml to gcr.io/jenkins-x-bdd3/bdd-ghf**y-import-1568238831
Updating tag in charts/bdd-ghf**y-import-1568238831/values.yaml to 0.0.1
Tag v0.0.1 created and pushed to remote origin

PipelineActivity for cb-kubecd-bdd-ghf**y-import-1568238831-master-1
Applying changes 
upserted PipelineResource cb-kubecd-bdd-ghf**y-import-156 for the git repository https://github.com/cb-kubecd/bdd-ghf**y-import-1568238831.git
upserted Task cb-kubecd-bdd-ghf**y-import-156-run-make-1
upserted Task cb-kubecd-bdd-ghf**y-import-156-everything-else-1
upserted Pipeline cb-kubecd-bdd-ghf**y-import-156-1
created PipelineRun cb-kubecd-bdd-ghf**y-import-156-1
created PipelineStructure cb-kubecd-bdd-ghf**y-import-156-1

Showing logs for build [32mcb-kubecd-bdd-ghfjxy-import-156-1[0m stage [32mrun-make[0m and container [32mstep-credential-initializer-kr9g8[0m
{"level":"warn","ts":1568238892.3113482,"logger":"fallback-logger","caller":"logging/config.go:69","msg":"Fetch GitHub commit ID from kodata failed: \"ref: refs/heads/master\" is not a valid GitHub commit ID"}
{"level":"info","ts":1568238892.3372316,"logger":"fallback-logger","caller":"creds-init/main.go:40","msg":"Credentials initialized."}

Showing logs for build [32mcb-kubecd-bdd-ghfjxy-import-156-1[0m stage [32mrun-make[0m and container [32mstep-working-dir-initializer-65nbn[0m
{"level":"warn","ts":1568238893.5728343,"logger":"fallback-logger","caller":"logging/config.go:69","msg":"Fetch GitHub commit ID from kodata failed: open /var/run/ko/HEAD: no such file or directory"}
{"level":"info","ts":1568238893.5742028,"logger":"fallback-logger","caller":"bash/main.go:65","msg":"Successfully executed command \"mkdir -p /workspace/source\""}

Showing logs for build [32mcb-kubecd-bdd-ghfjxy-import-156-1[0m stage [32mrun-make[0m and container [32mstep-place-tools[0m

Showing logs for build [32mcb-kubecd-bdd-ghfjxy-import-156-1[0m stage [32mrun-make[0m and container [32mstep-git-source-cb-kubecd-bdd-ghfjxy-import-156-27v4z[0m
{"level":"warn","ts":1568238899.6930337,"logger":"fallback-logger","caller":"logging/config.go:69","msg":"Fetch GitHub commit ID from kodata failed: \"ref: refs/heads/master\" is not a valid GitHub commit ID"}
{"level":"info","ts":1568238900.7653508,"logger":"fallback-logger","caller":"git/git.go:102","msg":"Successfully cloned https://github.com/cb-kubecd/bdd-ghf**y-import-1568238831.git @ v0.0.1 in path /workspace/source"}

Showing logs for build [32mcb-kubecd-bdd-ghfjxy-import-156-1[0m stage [32mrun-make[0m and container [32mstep-git-merge[0m
Using SHAs from PULL_REFS=master:0c16be1bbe0d42cb939ffa0fa6cca17b8401ff4c
WARNING: no SHAs to merge, falling back to initial cloned commit

Showing logs for build [32mcb-kubecd-bdd-ghfjxy-import-156-1[0m stage [32mrun-make[0m and container [32mstep-setup-jx-git-credentials[0m
Generated Git credentials file /workspace/xdg_config/git/credentials

Showing logs for build [32mcb-kubecd-bdd-ghfjxy-import-156-1[0m stage [32mrun-make[0m and container [32mstep-build-make-build[0m
CGO_ENABLED=0 GO15VENDOREXPERIMENT=1 go build -ldflags '' -o bin/bdd-ghf**y-import-1568238831 main.go

Showing logs for build [32mcb-kubecd-bdd-ghfjxy-import-156-1[0m stage [32mrun-make[0m and container [32mstep-source-mkdir-cb-kubecd-bdd-ghfjxy-import-156-krwvv[0m
{"level":"warn","ts":1568238907.621869,"logger":"fallback-logger","caller":"logging/config.go:69","msg":"Fetch GitHub commit ID from kodata failed: open /var/run/ko/HEAD: no such file or directory"}
{"level":"info","ts":1568238907.6423225,"logger":"fallback-logger","caller":"bash/main.go:65","msg":"Successfully executed command \"mkdir -p /pvc/run-make/workspace\""}

Showing logs for build [32mcb-kubecd-bdd-ghfjxy-import-156-1[0m stage [32mrun-make[0m and container [32mstep-source-copy-cb-kubecd-bdd-ghfjxy-import-156-dxrgw[0m
{"level":"warn","ts":1568238907.8726695,"logger":"fallback-logger","caller":"logging/config.go:69","msg":"Fetch GitHub commit ID from kodata failed: open /var/run/ko/HEAD: no such file or directory"}
{"level":"info","ts":1568238907.887513,"logger":"fallback-logger","caller":"bash/main.go:65","msg":"Successfully executed command \"cp -r /workspace/source/. /pvc/run-make/workspace\""}

Showing logs for build [32mcb-kubecd-bdd-ghfjxy-import-156-1[0m stage [32meverything-else[0m and container [32mstep-credential-initializer-zxltr[0m
{"level":"warn","ts":1568238918.6239138,"logger":"fallback-logger","caller":"logging/config.go:69","msg":"Fetch GitHub commit ID from kodata failed: \"ref: refs/heads/master\" is not a valid GitHub commit ID"}
{"level":"info","ts":1568238918.6286726,"logger":"fallback-logger","caller":"creds-init/main.go:40","msg":"Credentials initialized."}

Showing logs for build [32mcb-kubecd-bdd-ghfjxy-import-156-1[0m stage [32meverything-else[0m and container [32mstep-working-dir-initializer-svtw4[0m
{"level":"warn","ts":1568238919.956221,"logger":"fallback-logger","caller":"logging/config.go:69","msg":"Fetch GitHub commit ID from kodata failed: open /var/run/ko/HEAD: no such file or directory"}
{"level":"info","ts":1568238919.9575114,"logger":"fallback-logger","caller":"bash/main.go:65","msg":"Successfully executed command \"mkdir -p /workspace/source /workspace/source/charts/bdd-ghf**y-import-1568238831\""}

Showing logs for build [32mcb-kubecd-bdd-ghfjxy-import-156-1[0m stage [32meverything-else[0m and container [32mstep-place-tools[0m

Showing logs for build [32mcb-kubecd-bdd-ghfjxy-import-156-1[0m stage [32meverything-else[0m and container [32mstep-create-dir-workspace-9m6sj[0m
{"level":"warn","ts":1568238927.0750873,"logger":"fallback-logger","caller":"logging/config.go:69","msg":"Fetch GitHub commit ID from kodata failed: open /var/run/ko/HEAD: no such file or directory"}
{"level":"info","ts":1568238927.0795188,"logger":"fallback-logger","caller":"bash/main.go:65","msg":"Successfully executed command \"mkdir -p /workspace/source\""}

Showing logs for build [32mcb-kubecd-bdd-ghfjxy-import-156-1[0m stage [32meverything-else[0m and container [32mstep-source-copy-workspace-2b5rw[0m
{"level":"warn","ts":1568238927.3063974,"logger":"fallback-logger","caller":"logging/config.go:69","msg":"Fetch GitHub commit ID from kodata failed: open /var/run/ko/HEAD: no such file or directory"}
{"level":"info","ts":1568238927.4573429,"logger":"fallback-logger","caller":"bash/main.go:65","msg":"Successfully executed command \"cp -r /pvc/run-make/workspace/. /workspace/source\""}

Showing logs for build [32mcb-kubecd-bdd-ghfjxy-import-156-1[0m stage [32meverything-else[0m and container [32mstep-build-container-build[0m
[36mINFO[0m[0000] No base image, nothing to extract            
[36mINFO[0m[0000] cmd: EXPOSE                                  
[36mINFO[0m[0000] Adding exposed port: 8080/tcp                
[36mINFO[0m[0000] Using files from context: [/workspace/source/bin] 
[36mINFO[0m[0000] Skipping unpacking as no commands require it. 
[36mINFO[0m[0000] Taking snapshot of full filesystem...        
[36mINFO[0m[0000] EXPOSE 8080                                  
[36mINFO[0m[0000] cmd: EXPOSE                                  
[36mINFO[0m[0000] Adding exposed port: 8080/tcp                
[36mINFO[0m[0000] No files changed in this command, skipping snapshotting. 
[36mINFO[0m[0000] ENTRYPOINT ["/bdd-ghf**y-import-1568238831"] 
[36mINFO[0m[0000] No files changed in this command, skipping snapshotting. 
[36mINFO[0m[0000] Using files from context: [/workspace/source/bin] 
[36mINFO[0m[0000] COPY ./bin/ /                                
[36mINFO[0m[0000] Taking snapshot of files...                  
2019/09/11 21:55:31 pushed blob: sha256:2b02d0a3dbad8056796204c0b89e4125e0c0ba6c8c878f56e496210af7f12033
2019/09/11 21:55:32 pushed blob: sha256:76e486f849c452301c15106890655d3c116e66ec77d2baa4ff336d49e46f582f
2019/09/11 21:55:34 gcr.io/jenkins-x-bdd3/bdd-ghf**y-import-1568238831:0.0.1: digest: sha256:5dfeae863cdc047370d6520d1838dc885282db715e3f9b6ef554721a9ed29cef size: 428

Showing logs for build [32mcb-kubecd-bdd-ghfjxy-import-156-1[0m stage [32meverything-else[0m and container [32mstep-build-post-build[0m
no CVE provider running in the current ** namespace so skip adding image to be analysed

Showing logs for build [32mcb-kubecd-bdd-ghfjxy-import-156-1[0m stage [32meverything-else[0m and container [32mstep-promote-changelog[0m
Converted /workspace/source to an unshallow repository
no previous commit version found so change diff unavailable

Showing logs for build [32mcb-kubecd-bdd-ghfjxy-import-156-1[0m stage [32meverything-else[0m and container [32mstep-promote-helm-release[0m
WARNING: No $CHART_REPOSITORY defined so using the default value of: http://jenkins-x-chartmuseum:8080
Adding missing Helm repo: storage.googleapis.com https://storage.googleapis.com/chartmuseum.jenkins-x.io
Successfully added Helm repository storage.googleapis.com.
Adding missing Helm repo: jenkins-x-chartmuseum http://jenkins-x-chartmuseum:8080
Successfully added Helm repository jenkins-x-chartmuseum.
WARNING: No $CHART_REPOSITORY defined so using the default value of: http://jenkins-x-chartmuseum:8080
Uploading chart file bdd-ghf**y-import-1568238831-0.0.1.tgz to http://jenkins-x-chartmuseum:8080/api/charts
Received 201 response: {"saved":true}

Showing logs for build [32mcb-kubecd-bdd-ghfjxy-import-156-1[0m stage [32meverything-else[0m and container [32mstep-promote-jx-promote[0m
WARNING: prow based install so skip waiting for the merge of Pull Requests to go green as currently there is an issue with gettingstatuses from the PR, see https://github.com/jenkins-x/**/issues/2410
Promoting app bdd-ghf**y-import-1568238831 version 0.0.1 to namespace **-staging
Created Pull Request: https://github.com/cb-kubecd/environment-pr-5444-7-tekton-gkebdd-staging/pull/3
Pull Request https://github.com/cb-kubecd/environment-pr-5444-7-tekton-gkebdd-staging/pull/3 is merged at sha 3307be7abcd73be5214651c79bbf48294e9998cd
Pull Request merged but we are not waiting for the update pipeline to complete!
WARNING: Could not find the service URL in namespace **-staging for names bdd-ghf**y-import-1568238831, **-bdd-ghf**y-import-1568238831, **-staging-bdd-ghf**y-import-1568238831
